<?xml version="1.0" encoding="UTF-8"?>
<!-- Generated by org.testng.reporters.JUnitXMLReporter -->
<testsuite hostname="Wail" ignored="0" name="Hub Spot Functional Regression Test" tests="2" failures="1" timestamp="30 Apr 2020 23:14:21 GMT" time="23.32" errors="0">
  <testcase name="@BeforeMethod setup" time="0.0" classname="com.qa.hubspot.tests.LoginPageTest">
    <failure type="org.testng.TestNGException" message="
Parameter &amp;apos;browser&amp;apos; is required by BeforeMethod on method setup but has not been marked @Optional or defined
in C:\Users\wail\workspace\2020POMSeries\src\test\resources\testrunners\testng_regression.xml">
      <![CDATA[org.testng.TestNGException: 
Parameter 'browser' is required by BeforeMethod on method setup but has not been marked @Optional or defined
in C:\Users\wail\workspace\2020POMSeries\src\test\resources\testrunners\testng_regression.xml
... Removed 25 stack frames]]>
    </failure>
  </testcase> <!-- @BeforeMethod setup -->
  <testcase name="@AfterTest tearDown" time="0.0" classname="com.qa.hubspot.tests.LoginPageTest">
    <failure type="java.lang.NullPointerException">
      <![CDATA[java.lang.NullPointerException
at com.qa.hubspot.tests.LoginPageTest.tearDown(LoginPageTest.java:106)
... Removed 24 stack frames]]>
    </failure>
  </testcase> <!-- @AfterTest tearDown -->
  <testcase name="verifyLoginPageTitleTest" time="0.0" classname="com.qa.hubspot.tests.LoginPageTest">
    <skipped/>
  </testcase> <!-- verifyLoginPageTitleTest -->
  <testcase name="verifyLoginPageTitleTest" time="2.152" classname="com.qa.hubspot.tests.LoginPageTest">
    <failure type="java.lang.NullPointerException">
      <![CDATA[java.lang.NullPointerException
at com.qa.hubspot.listeners.ExtentReportListener.onTestSkipped(ExtentReportListener.java:115)
... Removed 23 stack frames]]>
    </failure>
  </testcase> <!-- verifyLoginPageTitleTest -->
</testsuite> <!-- Hub Spot Functional Regression Test -->
